<?xml version="1.0" encoding="UTF-8"?>
<testng-results ignored="0" total="2" passed="1" failed="1" skipped="0">
  <reporter-output>
  </reporter-output>
  <suite started-at="2023-01-20T16:36:40 IST" name="Default suite" finished-at="2023-01-20T16:36:40 IST" duration-ms="702">
    <groups>
    </groups>
    <test started-at="2023-01-20T16:36:40 IST" name="Default test" finished-at="2023-01-20T16:36:40 IST" duration-ms="702">
      <class name="storedProcedureTesting.sptest">
        <test-method is-config="true" signature="setup()[pri:0, instance:storedProcedureTesting.sptest@7193666c]" started-at="2023-01-20T16:36:40 IST" name="setup" finished-at="2023-01-20T16:36:40 IST" duration-ms="514" status="PASS">
          <reporter-output>
          </reporter-output>
        </test-method> <!-- setup -->
        <test-method signature="test_storedProcedures()[pri:1, instance:storedProcedureTesting.sptest@7193666c]" started-at="2023-01-20T16:36:40 IST" name="test_storedProcedures" finished-at="2023-01-20T16:36:40 IST" duration-ms="68" status="PASS">
          <reporter-output>
          </reporter-output>
        </test-method> <!-- test_storedProcedures -->
        <test-method signature="test_SelectAllCustomers()[pri:2, instance:storedProcedureTesting.sptest@7193666c]" started-at="2023-01-20T16:36:40 IST" name="test_SelectAllCustomers" finished-at="2023-01-20T16:36:40 IST" duration-ms="52" status="FAIL">
          <exception class="java.sql.SQLException">
            <message>
              <![CDATA[After end of result set]]>
            </message>
            <full-stacktrace>
              <![CDATA[java.sql.SQLException: After end of result set
at com.mysql.cj.jdbc.exceptions.SQLError.createSQLException(SQLError.java:129)
at com.mysql.cj.jdbc.exceptions.SQLError.createSQLException(SQLError.java:97)
at com.mysql.cj.jdbc.exceptions.SQLError.createSQLException(SQLError.java:89)
at com.mysql.cj.jdbc.exceptions.SQLError.createSQLException(SQLError.java:63)
at com.mysql.cj.jdbc.result.ResultSetImpl.checkRowPos(ResultSetImpl.java:532)
at com.mysql.cj.jdbc.result.ResultSetImpl.getString(ResultSetImpl.java:878)
at storedProcedureTesting.sptest.compareResultSets(sptest.java:76)
at storedProcedureTesting.sptest.test_SelectAllCustomers(sptest.java:65)
at java.base/jdk.internal.reflect.DirectMethodHandleAccessor.invoke(DirectMethodHandleAccessor.java:104)
at java.base/java.lang.reflect.Method.invoke(Method.java:578)
at org.testng.internal.invokers.MethodInvocationHelper.invokeMethod(MethodInvocationHelper.java:139)
at org.testng.internal.invokers.TestInvoker.invokeMethod(TestInvoker.java:677)
at org.testng.internal.invokers.TestInvoker.invokeTestMethod(TestInvoker.java:221)
at org.testng.internal.invokers.MethodRunner.runInSequence(MethodRunner.java:50)
at org.testng.internal.invokers.TestInvoker$MethodInvocationAgent.invoke(TestInvoker.java:969)
at org.testng.internal.invokers.TestInvoker.invokeTestMethods(TestInvoker.java:194)
at org.testng.internal.invokers.TestMethodWorker.invokeTestMethods(TestMethodWorker.java:148)
at org.testng.internal.invokers.TestMethodWorker.run(TestMethodWorker.java:128)
at java.base/java.util.ArrayList.forEach(ArrayList.java:1511)
at org.testng.TestRunner.privateRun(TestRunner.java:829)
at org.testng.TestRunner.run(TestRunner.java:602)
at org.testng.SuiteRunner.runTest(SuiteRunner.java:437)
at org.testng.SuiteRunner.runSequentially(SuiteRunner.java:431)
at org.testng.SuiteRunner.privateRun(SuiteRunner.java:391)
at org.testng.SuiteRunner.run(SuiteRunner.java:330)
at org.testng.SuiteRunnerWorker.runSuite(SuiteRunnerWorker.java:52)
at org.testng.SuiteRunnerWorker.run(SuiteRunnerWorker.java:95)
at org.testng.TestNG.runSuitesSequentially(TestNG.java:1256)
at org.testng.TestNG.runSuitesLocally(TestNG.java:1176)
at org.testng.TestNG.runSuites(TestNG.java:1099)
at org.testng.TestNG.run(TestNG.java:1067)
at org.testng.remote.AbstractRemoteTestNG.run(AbstractRemoteTestNG.java:115)
at org.testng.remote.RemoteTestNG.initAndRun(RemoteTestNG.java:251)
at org.testng.remote.RemoteTestNG.main(RemoteTestNG.java:77)
]]>
            </full-stacktrace>
          </exception> <!-- java.sql.SQLException -->
          <reporter-output>
          </reporter-output>
        </test-method> <!-- test_SelectAllCustomers -->
        <test-method is-config="true" signature="teardown()[pri:0, instance:storedProcedureTesting.sptest@7193666c]" started-at="2023-01-20T16:36:40 IST" name="teardown" finished-at="2023-01-20T16:36:40 IST" duration-ms="4" status="PASS">
          <reporter-output>
          </reporter-output>
        </test-method> <!-- teardown -->
      </class> <!-- storedProcedureTesting.sptest -->
    </test> <!-- Default test -->
  </suite> <!-- Default suite -->
</testng-results>
